<?xml version="1.0" encoding="UTF-8"?>
<!-- Generated by org.testng.reporters.JUnitXMLReporter -->
<testsuite ignored="0" hostname="Basavaraj" failures="0" tests="2" name="Free Naukri Profile Updation Automation testcases" time="137.443" errors="0" timestamp="2021-06-16T18:28:58 IST">
  <testcase classname="com.naukri.qa.pagetests.JobesPageTest" name="validateJobesPageLinkTest" time="5.452"/>
  <testcase classname="com.naukri.qa.pagetests.JobesPageTest" name="clickOnEditProfileLinkTest" time="17.65"/>
</testsuite> <!-- Free Naukri Profile Updation Automation testcases -->
