<?xml version="1.0" encoding="UTF-8"?>
<testng-results ignored="6" total="7" passed="1" failed="0" skipped="0">
  <reporter-output>
  </reporter-output>
  <suite started-at="2021-06-17T18:01:20 IST" name="Surefire suite" finished-at="2021-06-17T18:03:09 IST" duration-ms="109034">
    <groups>
    </groups>
    <test started-at="2021-06-17T18:01:20 IST" name="Surefire test" finished-at="2021-06-17T18:03:09 IST" duration-ms="109034">
      <class name="com.naukri.qa.pagetests.JobesPageTest">
        <test-method is-config="true" signature="setup()[pri:0, instance:com.naukri.qa.pagetests.JobesPageTest@6f03482]" started-at="2021-06-17T18:01:20 IST" name="setup" finished-at="2021-06-17T18:02:38 IST" duration-ms="78008" status="PASS">
          <reporter-output>
          </reporter-output>
        </test-method> <!-- setup -->
        <test-method signature="clickOnEditProfileLinkTest()[pri:2, instance:com.naukri.qa.pagetests.JobesPageTest@6f03482]" started-at="2021-06-17T18:02:38 IST" name="clickOnEditProfileLinkTest" finished-at="2021-06-17T18:02:59 IST" duration-ms="21123" status="PASS">
          <reporter-output>
          </reporter-output>
        </test-method> <!-- clickOnEditProfileLinkTest -->
        <test-method is-config="true" signature="complete()[pri:0, instance:com.naukri.qa.pagetests.JobesPageTest@6f03482]" started-at="2021-06-17T18:02:59 IST" name="complete" finished-at="2021-06-17T18:03:09 IST" duration-ms="9744" status="PASS">
          <reporter-output>
          </reporter-output>
        </test-method> <!-- complete -->
      </class> <!-- com.naukri.qa.pagetests.JobesPageTest -->
    </test> <!-- Surefire test -->
  </suite> <!-- Surefire suite -->
</testng-results>
