<?xml version="1.0" encoding="UTF-8"?>
<!-- Generated by org.testng.reporters.JUnitXMLReporter -->
<testsuite ignored="3" hostname="Basavaraj" failures="0" tests="1" name="Default test" time="55.239" errors="0" timestamp="2021-06-17T19:03:49 IST">
  <testcase classname="com.naukri.qa.pagetests.JobesPageTest" name="clickOnUpdateResumeTest" time="11.718"/>
  <testcase classname="com.naukri.qa.pagetests.JobesPageTest" name="validateJobesPageLinkTest" time="0.0">
    <ignored/>
  </testcase> <!-- validateJobesPageLinkTest -->
  <testcase classname="com.naukri.qa.pagetests.JobesPageTest" name="CheckForBrokenLinkTest" time="0.0">
    <ignored/>
  </testcase> <!-- CheckForBrokenLinkTest -->
  <testcase classname="com.naukri.qa.pagetests.JobesPageTest" name="clickOnEditProfileLinkTest" time="0.0">
    <ignored/>
  </testcase> <!-- clickOnEditProfileLinkTest -->
</testsuite> <!-- Default test -->
