<?xml version="1.0" encoding="UTF-8"?>
<testng-results ignored="3" total="4" passed="1" failed="0" skipped="0">
  <reporter-output>
  </reporter-output>
  <suite started-at="2021-06-17T19:02:54 IST" name="Default suite" finished-at="2021-06-17T19:03:49 IST" duration-ms="55239">
    <groups>
    </groups>
    <test started-at="2021-06-17T19:02:54 IST" name="Default test" finished-at="2021-06-17T19:03:49 IST" duration-ms="55239">
      <class name="com.naukri.qa.pagetests.JobesPageTest">
        <test-method is-config="true" signature="setup()[pri:0, instance:com.naukri.qa.pagetests.JobesPageTest@73e22a3d]" started-at="2021-06-17T19:02:54 IST" name="setup" finished-at="2021-06-17T19:03:37 IST" duration-ms="43362" status="PASS">
          <reporter-output>
          </reporter-output>
        </test-method> <!-- setup -->
        <test-method signature="clickOnUpdateResumeTest()[pri:3, instance:com.naukri.qa.pagetests.JobesPageTest@73e22a3d]" started-at="2021-06-17T19:03:37 IST" name="clickOnUpdateResumeTest" finished-at="2021-06-17T19:03:49 IST" duration-ms="11718" status="PASS">
          <reporter-output>
          </reporter-output>
        </test-method> <!-- clickOnUpdateResumeTest -->
      </class> <!-- com.naukri.qa.pagetests.JobesPageTest -->
    </test> <!-- Default test -->
  </suite> <!-- Default suite -->
</testng-results>
