<?xml version="1.0" encoding="UTF-8"?>
<!-- Generated by org.testng.reporters.JUnitXMLReporter -->
<testsuite ignored="6" hostname="Basavaraj" failures="0" tests="1" name="Surefire test" time="109.034" errors="0" timestamp="2021-06-17T18:03:10 IST">
  <testcase classname="com.naukri.qa.pagetests.JobesPageTest" name="clickOnEditProfileLinkTest" time="21.123"/>
  <testcase classname="com.naukri.qa.pagetests.LoginPageTest" name="validateLoginPageTitleTest" time="0.0">
    <ignored/>
  </testcase> <!-- validateLoginPageTitleTest -->
  <testcase classname="com.naukri.qa.pagetests.JobesPageTest" name="validateJobesPageLinkTest" time="0.0">
    <ignored/>
  </testcase> <!-- validateJobesPageLinkTest -->
  <testcase classname="com.naukri.qa.pagetests.LoginPageTest" name="validateLoginLinkTest" time="0.0">
    <ignored/>
  </testcase> <!-- validateLoginLinkTest -->
  <testcase classname="com.naukri.qa.pagetests.JobesPageTest" name="CheckForBrokenLinkTest" time="0.0">
    <ignored/>
  </testcase> <!-- CheckForBrokenLinkTest -->
  <testcase classname="com.naukri.qa.pagetests.LoginPageTest" name="loginTest" time="0.0">
    <ignored/>
  </testcase> <!-- loginTest -->
  <testcase classname="com.naukri.qa.pagetests.LoginPageTest" name="CheckForBrokenLinkTest" time="0.0">
    <ignored/>
  </testcase> <!-- CheckForBrokenLinkTest -->
</testsuite> <!-- Surefire test -->
